2023-03-08 16:00:07.501582 Stream @aaxile User: axilebot
2023-03-08 16:00:45.703411 Stream @aaxile User: 01ella
2023-03-08 16:00:45.704392 Stream @aaxile User: aaxile
2023-03-08 16:00:45.704392 Stream @aaxile User: streamelements
2023-03-08 16:07:06.111873 Stream @aaxile User: axilebot
2023-03-08 16:07:53.086887 Stream @aaxile User: axilebot
2023-03-08 16:08:04.085385 Stream @aaxile User: axilebot
2023-03-08 16:08:25.303105 Stream @aaxile User: axilebot
2023-03-08 16:08:54.399775 Stream @aaxile User: axilebot
2023-03-08 16:09:52.037015 Stream @aaxile User: axilebot
2023-03-08 16:10:22.260124 Stream @aaxile User: axilebot
2023-03-08 16:10:43.348214 Stream @aaxile User: axilebot
2023-03-08 16:10:59.238670 Stream @aaxile User: streamelements
2023-03-08 16:10:59.238670 Stream @aaxile User: 01ella
2023-03-08 16:10:59.239671 Stream @aaxile User: aaxile
2023-03-08 16:11:12.576922 Stream @aaxile User: axilebot
2023-03-08 16:11:27.725113 Stream @aaxile User: axilebot
2023-03-08 16:11:41.612689 Stream @aaxile User: axilebot
2023-03-08 16:12:37.733178 Stream @aaxile User: aaxile
2023-03-08 16:12:37.733178 Stream @aaxile User: streamelements
2023-03-08 16:12:37.734179 Stream @aaxile User: 01ella
2023-03-08 16:17:41.217567 Stream @aaxile User: axilebot
2023-03-08 16:18:01.085441 Stream @aaxile User: axilebot
2023-03-08 16:18:15.411409 Stream @aaxile User: streamelements
2023-03-08 16:18:15.411409 Stream @aaxile User: 01ella
2023-03-08 16:18:15.412408 Stream @aaxile User: aaxile
2023-03-08 16:24:36.690387 Stream @aaxile User: aaxile
2023-03-08 16:37:58.859402 Stream @aaxile User: axilebot
2023-03-08 16:38:47.010226 Stream @aaxile User: streamelements
2023-03-08 16:38:47.011226 Stream @aaxile User: aaxile
2023-03-08 16:39:46.553399 Stream @aaxile User: 01ella
2023-03-08 17:52:58.852970 Stream @aaxile User: axilebot
2023-03-08 19:45:34.706951 Stream @aaxile User: axilebot
2023-03-08 19:45:57.769204 Stream @aaxile User: axilebot
2023-03-08 19:46:17.212035 Stream @aaxile User: 01ella
2023-03-08 19:46:17.213034 Stream @aaxile User: aaxile
2023-03-08 19:46:17.213034 Stream @aaxile User: streamelements
2023-03-08 19:49:22.457077 Stream @aaxile User: axilebot
2023-03-08 19:50:10.205964 Stream @aaxile User: 01ella
2023-03-08 19:50:10.206962 Stream @aaxile User: streamelements
2023-03-08 19:50:31.363975 Stream @aaxile User: axilebot
2023-03-08 19:50:42.301787 Stream @aaxile User: axilebot
2023-03-08 19:51:17.167135 Stream @aaxile User: axilebot
2023-03-08 19:51:47.990349 Stream @aaxile User: 01ella
2023-03-08 19:51:47.991336 Stream @aaxile User: streamelements
2023-03-08 19:52:01.842216 Stream @aaxile User: axilebot
2023-03-08 19:52:41.954359 Stream @aaxile User: streamelements
2023-03-08 19:52:41.955356 Stream @aaxile User: 01ella
2023-03-08 19:53:18.974476 Stream @aaxile User: axilebot
2023-03-08 20:13:49.362716 Stream @aaxile User: axilebot
2023-03-08 23:20:37.737906 Stream @aaxile User: axilebot
2023-03-08 23:20:44.789903 Stream @aaxile User: 01ella
2023-03-08 23:20:44.790903 Stream @aaxile User: aaxile
2023-03-08 23:20:44.790903 Stream @aaxile User: streamelements
2023-03-08 23:40:07.049637 Stream @aaxile User: axilebot
2023-03-08 23:40:28.986462 Stream @aaxile User: aaxile
2023-03-08 23:40:28.986462 Stream @aaxile User: streamelements
2023-03-08 23:40:28.987462 Stream @aaxile User: 01ella
2023-03-08 23:40:43.679584 Stream @aaxile User: axilebot
2023-03-08 23:41:25.758302 Stream @aaxile User: axilebot
2023-03-08 23:41:44.488093 Stream @aaxile User: axilebot
2023-03-08 23:42:05.654152 Stream @aaxile User: axilebot
2023-03-08 23:44:05.418486 Stream @aaxile User: axilebot
2023-03-09 00:16:12.347724 Stream @aaxile User: axilebot
2023-03-09 00:16:51.639249 Stream @aaxile User: axilebot
2023-03-09 01:45:43.650367 Stream @aaxile User: axilebot
2023-03-10 23:52:21.619564 Stream @aaxile User: axilebot
2023-03-10 23:53:55.467830 Stream @aaxile User: axilebot
2023-03-10 23:54:28.422508 Stream @aaxile User: streamelements
2023-03-10 23:54:36.540563 Stream @aaxile User: axilebot
2023-03-10 23:56:59.619320 Stream @aaxile User: axilebot
2023-03-10 23:57:59.301774 Stream @aaxile User: streamelements
2023-03-10 23:58:43.136670 Stream @aaxile User: axilebot
2023-03-10 23:59:15.061200 Stream @aaxile User: streamelements
2023-03-10 23:59:52.056847 Stream @aaxile User: axilebot
2023-03-11 00:00:16.256901 Stream @aaxile User: streamelements
2023-03-11 00:06:29.781265 Stream @aaxile User: axilebot
2023-03-11 00:09:52.281402 Stream @aaxile User: axilebot
2023-03-11 00:10:04.743380 Stream @aaxile User: streamelements
2023-03-11 00:11:09.344726 Stream @aaxile User: aaxile
2023-03-11 00:11:38.539786 Stream @aaxile User: axilebot
2023-03-11 00:12:13.712164 Stream @donhoman User: axilebot
2023-03-11 00:12:31.925617 Stream @donhoman User: size8ot
2023-03-11 00:12:31.926615 Stream @donhoman User: roxesy
2023-03-11 00:12:31.926615 Stream @donhoman User: lurxx
2023-03-11 00:12:31.927615 Stream @donhoman User: ameliadp
2023-03-11 00:12:31.927615 Stream @donhoman User: commanderroot
2023-03-11 00:12:31.927615 Stream @donhoman User: xbarcin
2023-03-11 00:12:31.928615 Stream @donhoman User: 0ax2
2023-03-11 00:12:31.928615 Stream @donhoman User: 01ella
2023-03-11 00:12:31.929615 Stream @donhoman User: drapsnatt
2023-03-11 00:12:31.929615 Stream @donhoman User: anotherttvviewer
2023-03-11 00:12:31.930616 Stream @donhoman User: 0lyvia_
2023-03-11 00:12:31.930616 Stream @donhoman User: aliengathering
2023-03-11 00:12:31.931615 Stream @donhoman User: anastaysiia
2023-03-11 00:12:31.931615 Stream @donhoman User: kattah
2023-03-11 00:12:31.932614 Stream @donhoman User: ezobay
2023-03-11 00:12:31.932614 Stream @donhoman User: 0liveanne
2023-03-11 00:12:31.933613 Stream @donhoman User: donhoman
2023-03-11 00:12:31.933613 Stream @donhoman User: streamelements
2023-03-11 00:12:31.933613 Stream @donhoman User: aaxile
2023-03-11 00:12:31.934628 Stream @donhoman User: aliceydra
2023-03-11 00:12:31.934628 Stream @donhoman User: iisabei
2023-03-11 00:12:31.935623 Stream @donhoman User: monuxtwitch
2023-03-11 00:12:31.936613 Stream @donhoman User: violets_tv
2023-03-11 00:12:31.936613 Stream @donhoman User: piwoipieczywo
2023-03-11 00:12:31.937617 Stream @donhoman User: polie2
2023-03-11 00:12:31.938612 Stream @donhoman User: beta_0
2023-03-11 00:12:31.938612 Stream @donhoman User: mastersylio
2023-03-11 00:16:53.634245 Stream @donhoman User: 0liveanne
2023-03-11 00:16:53.634245 Stream @donhoman User: anotherttvviewer
2023-03-11 00:21:11.303423 Stream @donhoman User: 01ella
2023-03-11 00:22:15.482296 Stream @donhoman User: streamelements
2023-03-11 00:22:15.482296 Stream @donhoman User: violets_tv
2023-03-11 00:22:15.483296 Stream @donhoman User: roxesy
2023-03-11 00:22:15.483296 Stream @donhoman User: 0liveanne
2023-03-11 00:22:15.483296 Stream @donhoman User: ameliadp
2023-03-11 00:49:10.086915 Stream @aaxile User: axilebot
2023-03-11 00:50:06.098184 Stream @aaxile User: aaxile
2023-03-11 00:50:06.099185 Stream @aaxile User: streamelements
2023-03-11 00:50:14.808879 Stream @donhoman User: axilebot
2023-03-11 00:50:52.130554 Stream @donhoman User: anotherttvviewer
2023-03-11 00:50:52.131536 Stream @donhoman User: violets_tv
2023-03-11 00:50:52.131536 Stream @donhoman User: ezobay
2023-03-11 00:50:52.132536 Stream @donhoman User: monuxtwitch
2023-03-11 00:50:52.132536 Stream @donhoman User: roxesy
2023-03-11 00:50:52.133537 Stream @donhoman User: donhoman
2023-03-11 00:50:52.133537 Stream @donhoman User: iisabei
2023-03-11 00:50:52.134536 Stream @donhoman User: piwoipieczywo
2023-03-11 00:50:52.134536 Stream @donhoman User: 01ella
2023-03-11 00:50:52.135543 Stream @donhoman User: aaxile
2023-03-11 00:50:52.135543 Stream @donhoman User: anastaysiia
2023-03-11 00:50:52.136553 Stream @donhoman User: 0ax2
2023-03-11 00:50:52.136553 Stream @donhoman User: aliengathering
2023-03-11 00:50:52.136553 Stream @donhoman User: drapsnatt
2023-03-11 00:50:52.137548 Stream @donhoman User: 0lyvia_
2023-03-11 00:50:52.137548 Stream @donhoman User: mastersylio
2023-03-11 00:50:52.138535 Stream @donhoman User: size8ot
2023-03-11 00:50:52.138535 Stream @donhoman User: 0liveanne
2023-03-11 00:50:52.139535 Stream @donhoman User: commanderroot
2023-03-11 00:50:52.139535 Stream @donhoman User: lurxx
2023-03-11 00:50:52.140533 Stream @donhoman User: ameliadp
2023-03-11 00:50:52.140533 Stream @donhoman User: polie2
2023-03-11 00:50:52.141551 Stream @donhoman User: streamelements
2023-03-11 00:50:52.141551 Stream @donhoman User: beta_0
2023-03-11 00:50:52.142534 Stream @donhoman User: aliceydra
2023-03-11 00:50:52.142534 Stream @donhoman User: kattah
2023-03-11 00:50:52.142534 Stream @donhoman User: xbarcin
2023-03-11 00:51:51.791382 Stream @donhoman User: axilebot
2023-03-11 00:53:04.705973 Stream @donhoman User: ezobay
2023-03-11 00:53:49.671836 Stream @aaxile User: axilebot
2023-03-11 00:54:26.034050 Stream @aaxile User: aaxile
2023-03-11 00:54:26.035050 Stream @aaxile User: streamelements
2023-03-11 00:57:51.705425 Stream @aaxile User: axilebot
2023-03-11 00:59:13.667373 Stream @aaxile User: axilebot
2023-03-11 00:59:44.010555 Stream @aaxile User: axilebot
2023-03-11 01:00:13.543833 Stream @aaxile User: streamelements
2023-03-11 01:00:13.543833 Stream @aaxile User: aaxile
2023-03-11 01:00:20.733813 Stream @aaxile User: axilebot
2023-03-11 01:01:13.041479 Stream @aaxile User: streamelements
2023-03-11 01:01:13.041479 Stream @aaxile User: aaxile
2023-03-11 01:03:22.348520 Stream @aaxile User: axilebot
2023-03-11 01:03:48.172674 Stream @aaxile User: aaxile
2023-03-11 01:03:48.173675 Stream @aaxile User: streamelements
2023-03-11 01:04:42.340754 Stream @aaxile User: axilebot
2023-03-11 01:05:11.955625 Stream @donhoman User: axilebot
2023-03-11 01:06:16.211836 Stream @donhoman User: anotherttvviewer
2023-03-11 01:06:16.211836 Stream @donhoman User: xbarcin
2023-03-11 01:06:16.212836 Stream @donhoman User: aliceydra
2023-03-11 01:06:16.212836 Stream @donhoman User: size8ot
2023-03-11 01:06:16.213835 Stream @donhoman User: 01ella
2023-03-11 01:06:16.213835 Stream @donhoman User: violets_tv
2023-03-11 01:06:16.214836 Stream @donhoman User: lurxx
2023-03-11 01:06:16.214836 Stream @donhoman User: mastersylio
2023-03-11 01:06:16.215836 Stream @donhoman User: streamelements
2023-03-11 01:06:16.215836 Stream @donhoman User: beta_0
2023-03-11 01:06:16.216836 Stream @donhoman User: 0ax2
2023-03-11 01:06:16.216836 Stream @donhoman User: iisabei
2023-03-11 01:06:16.217837 Stream @donhoman User: anastaysiia
2023-03-11 01:06:16.217837 Stream @donhoman User: 0lyvia_
2023-03-11 01:06:16.218834 Stream @donhoman User: aliengathering
2023-03-11 01:06:16.218834 Stream @donhoman User: drapsnatt
2023-03-11 01:06:16.219834 Stream @donhoman User: roxesy
2023-03-11 01:06:16.219834 Stream @donhoman User: kattah
2023-03-11 01:06:16.219834 Stream @donhoman User: donhoman
2023-03-11 01:06:16.220833 Stream @donhoman User: aaxile
2023-03-11 01:06:16.220833 Stream @donhoman User: ameliadp
2023-03-11 01:06:16.221834 Stream @donhoman User: 0liveanne
2023-03-11 01:06:16.221834 Stream @donhoman User: commanderroot
2023-03-11 01:06:16.222851 Stream @donhoman User: monuxtwitch
2023-03-11 01:06:16.222851 Stream @donhoman User: piwoipieczywo
2023-03-11 01:06:16.223832 Stream @donhoman User: ezobay
2023-03-11 01:09:21.085062 Stream @donhoman User: kattah
2023-03-11 01:18:28.749013 Stream @donhoman User: axilebot
2023-03-11 01:19:00.799527 Stream @donhoman User: axilebot
2023-03-11 01:20:00.136722 Stream @donhoman User: 0liveanne
2023-03-11 01:21:27.586448 Stream @aaxile User: axilebot
2023-03-11 01:22:10.730587 Stream @aaxile User: axilebot
2023-03-11 01:22:39.642632 Stream @aaxile User: axilebot
2023-03-11 01:23:19.346756 Stream @aaxile User: axilebot
2023-03-11 01:23:54.988132 Stream @donhoman User: axilebot
2023-03-11 01:24:16.519168 Stream @donhoman User: aliceydra
2023-03-11 01:24:16.520168 Stream @donhoman User: anotherttvviewer
2023-03-11 01:24:16.520168 Stream @donhoman User: violets_tv
2023-03-11 01:24:16.521168 Stream @donhoman User: mastersylio
2023-03-11 01:24:16.522167 Stream @donhoman User: drapsnatt
2023-03-11 01:24:16.522167 Stream @donhoman User: aliengathering
2023-03-11 01:24:16.523167 Stream @donhoman User: kattah
2023-03-11 01:24:16.524167 Stream @donhoman User: rozi_k
2023-03-11 01:24:16.524167 Stream @donhoman User: lurxx
2023-03-11 01:24:16.525166 Stream @donhoman User: donhoman
2023-03-11 01:24:16.525166 Stream @donhoman User: ameliadp
2023-03-11 01:24:16.526166 Stream @donhoman User: 0ax2
2023-03-11 01:24:16.527166 Stream @donhoman User: aaxile
2023-03-11 01:24:16.527166 Stream @donhoman User: iisabei
2023-03-11 01:24:16.528165 Stream @donhoman User: roxesy
2023-03-11 01:24:16.528165 Stream @donhoman User: beta_0
2023-03-11 01:24:16.529166 Stream @donhoman User: commanderroot
2023-03-11 01:24:16.530165 Stream @donhoman User: monuxtwitch
2023-03-11 01:24:16.530165 Stream @donhoman User: xbarcin
2023-03-11 01:24:16.531164 Stream @donhoman User: streamelements
2023-03-11 01:24:16.531164 Stream @donhoman User: 0lyvia_
2023-03-11 01:24:16.532164 Stream @donhoman User: 01ella
2023-03-11 01:24:16.532164 Stream @donhoman User: ezobay
2023-03-11 01:24:16.533164 Stream @donhoman User: anastaysiia
2023-03-11 01:24:16.534164 Stream @donhoman User: size8ot
2023-03-11 01:26:17.882087 Stream @donhoman User: 0liveanne
2023-03-11 01:43:03.742974 Stream @donhoman User: size8ot
2023-03-11 01:43:03.743973 Stream @donhoman User: polie2
2023-03-11 01:46:18.896294 Stream @donhoman User: tharansis
2023-03-11 01:50:36.108239 Stream @donhoman User: polie2
2023-03-11 01:51:40.604636 Stream @donhoman User: ameliadp
2023-03-11 01:51:40.606636 Stream @donhoman User: violets_tv
2023-03-11 01:51:40.607642 Stream @donhoman User: tharansis
2023-03-11 01:53:56.280447 Stream @donhoman User: 0liveanne
2023-03-11 01:57:01.207399 Stream @donhoman User: anotherttvviewer
2023-03-11 02:01:12.657860 Stream @donhoman User: violets_tv
2023-03-11 02:01:12.658861 Stream @donhoman User: ameliadp
2023-03-11 02:03:21.625619 Stream @donhoman User: xbarcin
2023-03-11 02:04:27.553297 Stream @donhoman User: 0lyvia_
2023-03-11 02:04:27.554295 Stream @donhoman User: anastaysiia
2023-03-11 02:12:58.606496 Stream @donhoman User: 0lyvia_
2023-03-11 02:12:58.606496 Stream @donhoman User: anastaysiia
2023-03-11 02:15:05.544808 Stream @donhoman User: xbarcin
2023-03-11 02:16:29.043852 Stream @donhoman User: axilebot
2023-03-11 02:17:18.005770 Stream @donhoman User: ameliadp
2023-03-11 02:17:18.006769 Stream @donhoman User: aaxile
2023-03-11 02:17:18.006769 Stream @donhoman User: 0lyvia_
2023-03-11 02:17:18.007769 Stream @donhoman User: aliengathering
2023-03-11 02:17:18.008768 Stream @donhoman User: size8ot
2023-03-11 02:17:18.008768 Stream @donhoman User: donhoman
2023-03-11 02:17:18.009768 Stream @donhoman User: 01ella
2023-03-11 02:17:18.009768 Stream @donhoman User: xbarcin
2023-03-11 02:17:18.010768 Stream @donhoman User: violets_tv
2023-03-11 02:17:18.011768 Stream @donhoman User: commanderroot
2023-03-11 02:17:18.011768 Stream @donhoman User: monuxtwitch
2023-03-11 02:17:18.012767 Stream @donhoman User: beta_0
2023-03-11 02:17:18.013768 Stream @donhoman User: streamelements
2023-03-11 02:17:18.013768 Stream @donhoman User: lurxx
2023-03-11 02:17:18.014766 Stream @donhoman User: ezobay
2023-03-11 02:17:18.014766 Stream @donhoman User: roxesy
2023-03-11 02:17:18.015766 Stream @donhoman User: drapsnatt
2023-03-11 02:17:18.016767 Stream @donhoman User: iisabei
2023-03-11 02:17:18.016767 Stream @donhoman User: kattah
2023-03-11 02:17:18.017766 Stream @donhoman User: mastersylio
2023-03-11 02:17:18.018765 Stream @donhoman User: aliceydra
2023-03-11 02:17:18.018765 Stream @donhoman User: anastaysiia
2023-03-11 02:17:18.019765 Stream @donhoman User: 0ax2
2023-03-11 02:17:18.019765 Stream @donhoman User: 0liveanne
2023-03-11 02:17:18.020765 Stream @donhoman User: anotherttvviewer
2023-03-11 02:26:27.706423 Stream @donhoman User: aliceydra
2023-03-11 02:30:38.431040 Stream @donhoman User: violets_tv
2023-03-11 02:30:38.432041 Stream @donhoman User: ameliadp
2023-03-11 02:30:38.433041 Stream @donhoman User: mastersylio
2023-03-11 02:32:53.686964 Stream @donhoman User: 0lyvia_
2023-03-11 02:32:53.687964 Stream @donhoman User: anastaysiia
2023-03-11 02:36:04.283037 Stream @donhoman User: violets_tv
2023-03-11 02:36:04.284037 Stream @donhoman User: ameliadp
2023-03-11 02:40:26.892429 Stream @donhoman User: 0liveanne
2023-03-11 02:48:37.616670 Stream @donhoman User: anotherttvviewer
2023-03-11 03:06:13.167685 Stream @donhoman User: 0liveanne
2023-03-11 03:11:39.285663 Stream @donhoman User: ameliadp
2023-03-11 03:11:39.286663 Stream @donhoman User: anotherttvviewer
2023-03-11 03:11:39.286663 Stream @donhoman User: violets_tv
2023-03-11 03:16:56.293678 Stream @donhoman User: 0lyvia_
2023-03-11 03:16:56.294678 Stream @donhoman User: anastaysiia
2023-03-11 03:27:03.633262 Stream @donhoman User: ameliadp
2023-03-11 03:27:03.634261 Stream @donhoman User: violets_tv
2023-03-11 03:27:53.521436 Stream @donhoman User: axilebot
2023-03-11 03:33:11.469272 Stream @donhoman User: markzynk
2023-03-11 03:37:19.070584 Stream @donhoman User: 0ax2
2023-03-11 03:38:28.847070 Stream @donhoman User: anastaysiia
2023-03-11 03:38:28.847070 Stream @donhoman User: 0lyvia_
2023-03-11 23:35:38.857504 Stream @donhoman User: axilebot
2023-03-11 23:36:21.454451 Stream @donhoman User: axilebot
2023-03-11 23:39:02.970404 Stream @donhoman User: axilebot
2023-03-11 23:39:31.785901 Stream @donhoman User: axilebot
2023-03-11 23:39:56.560932 Stream @donhoman User: axilebot
2023-03-12 18:29:02.524189 Stream @aaxile User: axilebot
2023-03-12 18:30:12.265058 Stream @aaxile User: xbarcin
2023-03-12 18:30:12.266059 Stream @aaxile User: streamelements
2023-03-12 18:34:43.987019 Stream @aaxile User: axilebot
2023-03-12 18:41:47.011441 Stream @aaxile User: axilebot
2023-03-12 18:41:59.178224 Stream @aaxile User: xbarcin
2023-03-12 18:41:59.179238 Stream @aaxile User: streamelements
2023-03-13 00:45:40.716179 Stream @aaxile User: axilebot
2023-03-13 22:59:26.526224 Stream @aaxile User: axilebot
2023-03-13 23:00:38.746750 Stream @aaxile User: streamelements
2023-03-13 23:20:42.592178 Stream @aaxile User: axilebot
2023-03-13 23:21:08.229416 Stream @aaxile User: axilebot
2023-03-13 23:21:52.957488 Stream @aaxile User: axilebot
2023-03-13 23:35:35.298704 Stream @aaxile User: axilebot
2023-03-13 23:36:35.253765 Stream @aaxile User: streamelements
2023-03-13 23:37:58.209023 Stream @aaxile User: axilebot
2023-03-13 23:38:55.776140 Stream @aaxile User: streamelements
2023-03-13 23:40:18.697974 Stream @aaxile User: axilebot
2023-03-13 23:40:58.188220 Stream @aaxile User: streamelements
2023-03-13 23:42:37.893527 Stream @aaxile User: axilebot
2023-03-13 23:43:34.513229 Stream @aaxile User: streamelements
2023-03-13 23:44:03.639275 Stream @aaxile User: axilebot
2023-03-13 23:44:26.933905 Stream @aaxile User: axilebot
2023-03-13 23:45:25.098495 Stream @aaxile User: streamelements
2023-03-13 23:45:57.346222 Stream @aaxile User: axilebot
2023-03-13 23:46:17.884471 Stream @aaxile User: streamelements
2023-03-13 23:48:26.739905 Stream @aaxile User: axilebot
2023-03-13 23:51:45.895419 Stream @aaxile User: axilebot
2023-03-13 23:52:31.915010 Stream @aaxile User: streamelements
2023-03-13 23:54:17.129444 Stream @aaxile User: axilebot
2023-03-13 23:54:45.218332 Stream @aaxile User: axilebot
2023-03-13 23:55:12.836165 Stream @aaxile User: axilebot
2023-03-13 23:56:15.323473 Stream @aaxile User: streamelements
2023-03-13 23:58:41.778486 Stream @aaxile User: axilebot
2023-03-13 23:59:32.179108 Stream @aaxile User: streamelements
2023-03-14 00:01:18.524407 Stream @aaxile User: axilebot
2023-03-14 00:01:47.282400 Stream @aaxile User: axilebot
2023-03-14 00:02:26.848484 Stream @aaxile User: axilebot
2023-03-14 00:08:07.177472 Stream @aaxile User: axilebot
2023-03-14 00:10:40.592636 Stream @aaxile User: axilebot
2023-03-14 00:11:33.136337 Stream @aaxile User: streamelements
2023-03-14 00:17:37.457829 Stream @aaxile User: axilebot
2023-03-14 00:17:51.582387 Stream @aaxile User: axilebot
2023-03-14 00:18:23.877649 Stream @aaxile User: streamelements
2023-03-14 00:21:41.260689 Stream @aaxile User: axilebot
2023-03-14 00:21:54.054445 Stream @aaxile User: streamelements
2023-03-14 00:22:29.547966 Stream @aaxile User: axilebot
2023-03-14 00:23:05.880586 Stream @aaxile User: axilebot
2023-03-14 00:23:19.064738 Stream @aaxile User: axilebot
2023-03-14 00:23:51.875025 Stream @aaxile User: streamelements
2023-03-14 00:24:08.199139 Stream @aaxile User: axilebot
2023-03-14 00:25:26.600757 Stream @aaxile User: streamelements
2023-03-14 00:38:36.564037 Stream @aaxile User: axilebot
2023-03-14 00:39:30.107650 Stream @aaxile User: streamelements
2023-03-14 00:40:17.683874 Stream @aaxile User: axilebot
2023-03-14 00:40:33.902282 Stream @aaxile User: streamelements
2023-03-14 00:45:40.185507 Stream @aaxile User: axilebot
2023-03-14 00:46:00.254688 Stream @aaxile User: axilebot
2023-03-14 00:46:46.748252 Stream @aaxile User: streamelements
2023-03-14 00:49:04.838848 Stream @aaxile User: axilebot
2023-03-14 00:49:33.192197 Stream @aaxile User: streamelements
2023-03-14 00:53:31.074385 Stream @aaxile User: axilebot
2023-03-14 00:54:31.928322 Stream @aaxile User: streamelements
2023-03-14 01:03:30.376466 Stream @aaxile User: axilebot
2023-03-14 01:04:03.549202 Stream @aaxile User: streamelements
2023-03-14 01:09:38.354632 Stream @aaxile User: axilebot
2023-03-14 01:10:00.799044 Stream @aaxile User: axilebot
2023-03-14 01:10:31.425364 Stream @aaxile User: streamelements
2023-03-14 01:11:01.535542 Stream @aaxile User: axilebot
2023-03-14 01:11:36.539480 Stream @aaxile User: streamelements
2023-03-14 01:12:39.024886 Stream @aaxile User: axilebot
2023-03-14 01:13:08.904795 Stream @aaxile User: axilebot
2023-03-14 01:14:06.065447 Stream @aaxile User: streamelements
2023-03-14 01:16:39.613300 Stream @aaxile User: axilebot
2023-03-14 01:17:04.496831 Stream @aaxile User: axilebot
2023-03-14 01:17:23.671357 Stream @aaxile User: axilebot
2023-03-14 01:18:03.685663 Stream @aaxile User: axilebot
2023-03-14 01:18:12.771485 Stream @aaxile User: streamelements
2023-03-14 01:19:15.807180 Stream @aaxile User: axilebot
2023-03-14 01:19:27.613861 Stream @aaxile User: streamelements
2023-03-14 01:19:35.529726 Stream @aaxile User: axilebot
2023-03-14 01:19:55.441837 Stream @aaxile User: axilebot
2023-03-14 01:26:11.274100 Stream @aaxile User: axilebot
2023-03-14 01:26:26.634962 Stream @aaxile User: streamelements
2023-03-14 01:30:09.690353 Stream @aaxile User: axilebot
2023-03-14 01:33:53.745861 Stream @aaxile User: axilebot
2023-03-14 01:34:30.651351 Stream @aaxile User: streamelements
2023-03-14 01:38:06.173448 Stream @aaxile User: axilebot
2023-03-14 01:38:45.046485 Stream @aaxile User: axilebot
2023-03-14 01:39:01.180388 Stream @aaxile User: axilebot
2023-03-14 01:39:15.647481 Stream @aaxile User: axilebot
2023-03-14 01:40:00.471529 Stream @aaxile User: streamelements
2023-03-14 01:43:02.589497 Stream @aaxile User: axilebot
2023-03-14 01:43:15.217581 Stream @aaxile User: streamelements
2023-03-14 01:49:13.910391 Stream @aaxile User: axilebot
2023-03-14 01:49:50.511855 Stream @aaxile User: axilebot
2023-03-14 01:50:17.740421 Stream @aaxile User: streamelements
2023-03-14 01:50:59.532388 Stream @aaxile User: axilebot
2023-03-14 01:51:29.916748 Stream @aaxile User: axilebot
2023-03-14 01:51:37.247421 Stream @aaxile User: streamelements
2023-03-14 01:52:18.736759 Stream @aaxile User: axilebot
2023-03-14 01:52:49.392604 Stream @aaxile User: streamelements
2023-03-14 02:00:35.382640 Stream @aaxile User: axilebot
2023-03-14 02:00:48.529100 Stream @aaxile User: axilebot
2023-03-14 02:01:21.174068 Stream @aaxile User: axilebot
2023-03-14 02:01:46.491688 Stream @aaxile User: axilebot
2023-03-14 02:02:40.243764 Stream @aaxile User: streamelements
2023-03-14 02:04:34.396582 Stream @aaxile User: axilebot
2023-03-14 02:05:32.716785 Stream @aaxile User: axilebot
2023-03-14 02:06:09.235422 Stream @aaxile User: streamelements
2023-03-14 02:06:18.897420 Stream @aaxile User: axilebot
2023-03-14 02:06:28.252466 Stream @aaxile User: axilebot
2023-03-14 02:07:04.402980 Stream @aaxile User: axilebot
2023-03-14 02:07:14.747108 Stream @aaxile User: streamelements
2023-03-14 02:07:32.684178 Stream @aaxile User: axilebot
2023-03-14 02:07:43.099363 Stream @aaxile User: streamelements
2023-03-14 02:07:56.715104 Stream @aaxile User: axilebot
2023-03-14 02:08:39.486464 Stream @aaxile User: streamelements
2023-03-14 02:11:58.359774 Stream @aaxile User: axilebot
2023-03-14 02:12:18.951983 Stream @aaxile User: streamelements
2023-03-14 02:13:07.519250 Stream @aaxile User: axilebot
2023-03-14 02:13:14.659492 Stream @aaxile User: streamelements
2023-03-14 02:14:19.480992 Stream @aaxile User: axilebot
2023-03-14 02:14:50.043061 Stream @aaxile User: axilebot
2023-03-14 02:15:54.392096 Stream @aaxile User: streamelements
2023-03-14 02:16:24.798482 Stream @aaxile User: axilebot
2023-03-14 02:16:57.083417 Stream @aaxile User: axilebot
2023-03-14 02:17:23.362782 Stream @aaxile User: axilebot
2023-03-14 02:18:04.489199 Stream @aaxile User: axilebot
2023-03-14 02:18:29.937361 Stream @aaxile User: axilebot
2023-03-14 02:18:45.775029 Stream @aaxile User: streamelements
2023-03-14 02:21:22.523454 Stream @aaxile User: axilebot
2023-03-14 02:21:56.734191 Stream @aaxile User: axilebot
2023-03-14 02:22:19.020595 Stream @aaxile User: streamelements
2023-03-14 02:23:01.057461 Stream @aaxile User: axilebot
2023-03-14 02:24:22.427514 Stream @aaxile User: axilebot
2023-03-14 02:24:41.693454 Stream @aaxile User: streamelements
2023-03-14 02:27:56.488618 Stream @aaxile User: axilebot
2023-03-14 02:28:08.759525 Stream @aaxile User: streamelements
2023-03-14 02:28:20.857576 Stream @aaxile User: axilebot
2023-03-14 02:30:29.152566 Stream @aaxile User: axilebot
2023-03-14 02:31:29.799383 Stream @aaxile User: axilebot
2023-03-14 02:32:46.834447 Stream @aaxile User: axilebot
2023-03-14 02:32:57.241658 Stream @aaxile User: axilebot
2023-03-14 02:33:14.213731 Stream @aaxile User: axilebot
2023-03-14 02:33:21.559674 Stream @aaxile User: axilebot
2023-03-14 02:33:42.974668 Stream @aaxile User: streamelements
2023-03-14 02:37:39.398534 Stream @aaxile User: axilebot
2023-03-14 02:38:15.237706 Stream @aaxile User: axilebot
2023-03-14 02:38:22.357877 Stream @aaxile User: axilebot
2023-03-14 02:38:32.187442 Stream @aaxile User: streamelements
2023-03-14 02:43:37.381727 Stream @aaxile User: axilebot
2023-03-14 02:43:59.352959 Stream @aaxile User: axilebot
2023-03-14 02:47:19.401502 Stream @aaxile User: axilebot
2023-03-14 02:47:28.086045 Stream @aaxile User: streamelements
2023-03-14 02:48:52.573104 Stream @aaxile User: axilebot
2023-03-14 02:49:36.706560 Stream @aaxile User: streamelements
2023-03-14 02:52:36.459152 Stream @aaxile User: axilebot
2023-03-14 02:53:31.145727 Stream @aaxile User: streamelements
2023-03-14 02:55:23.839163 Stream @aaxile User: axilebot
2023-03-14 02:55:35.465171 Stream @aaxile User: streamelements
2023-03-14 02:56:23.058574 Stream @aaxile User: axilebot
2023-03-14 02:56:57.165579 Stream @aaxile User: axilebot
2023-03-14 03:11:02.833254 Stream @aaxile User: axilebot
2023-03-14 03:13:57.585321 Stream @aaxile User: axilebot
2023-03-14 03:14:09.586435 Stream @aaxile User: axilebot
2023-03-14 03:14:21.870345 Stream @aaxile User: streamelements
2023-03-14 03:14:44.011518 Stream @aaxile User: axilebot
2023-03-14 03:14:47.439655 Stream @aaxile User: streamelements
2023-03-14 03:15:40.672863 Stream @aaxile User: axilebot
2023-03-14 03:15:54.365759 Stream @aaxile User: axilebot
2023-03-14 03:16:14.382752 Stream @aaxile User: axilebot
2023-03-14 03:16:23.228610 Stream @aaxile User: axilebot
2023-03-14 03:16:27.595225 Stream @aaxile User: streamelements
2023-03-14 03:17:24.269216 Stream @aaxile User: axilebot
2023-03-14 03:18:03.777923 Stream @aaxile User: axilebot
2023-03-14 03:18:18.035644 Stream @aaxile User: streamelements
2023-03-14 03:19:04.241493 Stream @aaxile User: axilebot
2023-03-14 03:20:01.962617 Stream @aaxile User: axilebot
2023-03-14 03:20:12.014734 Stream @aaxile User: axilebot
2023-03-14 03:21:37.163478 Stream @aaxile User: axilebot
2023-03-14 03:22:37.944642 Stream @aaxile User: axilebot
2023-03-14 03:22:53.467474 Stream @aaxile User: axilebot
2023-03-14 03:23:13.535803 Stream @aaxile User: axilebot
2023-03-14 03:23:23.754690 Stream @aaxile User: streamelements
2023-03-14 03:24:55.041093 Stream @aaxile User: axilebot
2023-03-14 03:25:04.939835 Stream @aaxile User: axilebot
2023-03-14 03:25:44.901671 Stream @aaxile User: axilebot
2023-03-14 03:26:19.190462 Stream @aaxile User: axilebot
2023-03-14 03:26:50.479848 Stream @aaxile User: streamelements
2023-03-14 03:27:57.890353 Stream @aaxile User: axilebot
2023-03-14 03:28:26.019632 Stream @aaxile User: axilebot
2023-03-14 03:28:40.256259 Stream @aaxile User: axilebot
2023-03-14 03:28:57.755538 Stream @aaxile User: axilebot
2023-03-14 03:29:02.336244 Stream @aaxile User: streamelements
2023-03-14 03:29:11.876509 Stream @aaxile User: axilebot
2023-03-14 03:29:22.159578 Stream @aaxile User: axilebot
2023-03-14 03:29:47.120082 Stream @aaxile User: axilebot
2023-03-14 03:29:57.016505 Stream @aaxile User: axilebot
2023-03-14 03:30:39.029269 Stream @aaxile User: axilebot
2023-03-14 03:30:41.808874 Stream @aaxile User: streamelements
2023-03-14 17:16:54.008561 Stream @aaxile User: axilebot
2023-03-14 17:34:23.112755 Stream @aaxile User: axilebot
2023-03-14 17:58:09.322038 Stream @aaxile User: axilebot
2023-03-14 17:58:52.196644 Stream @aaxile User: streamelements
2023-03-14 17:58:52.196644 Stream @aaxile User: xbarcin
2023-03-14 18:04:40.612346 Stream @aaxile User: axilebot
2023-03-14 18:05:34.661216 Stream @aaxile User: xbarcin
2023-03-14 18:05:34.661216 Stream @aaxile User: streamelements
2023-03-14 18:07:38.920646 Stream @aaxile User: axilebot
2023-03-14 19:54:03.007511 Stream @aaxile User: axilebot
2023-03-14 19:54:27.027420 Stream @aaxile User: axilebot
2023-03-14 19:54:35.342659 Stream @aaxile User: streamelements
2023-03-14 19:55:25.711106 Stream @aaxile User: axilebot
2023-03-14 19:55:32.972410 Stream @aaxile User: axilebot
2023-03-14 19:56:09.016702 Stream @aaxile User: axilebot
2023-03-14 19:57:06.395998 Stream @aaxile User: axilebot
2023-03-14 19:58:06.303649 Stream @aaxile User: streamelements
2023-03-15 18:59:13.839811 Stream @aaxile User: axilebot
2023-03-15 18:59:25.816343 Stream @aaxile User: streamelements
2023-03-15 18:59:46.242663 Stream @aaxile User: axilebot
<<<<<<< HEAD
2023-03-16 18:59:25.463308 Stream @aaxile User: axilebot
=======
2023-03-16 20:24:38.385440 Stream @aaxile User: axilebot
2023-03-16 20:28:20.239883 Stream @aaxile User: axilebot
2023-03-16 20:28:54.336964 Stream @aaxile User: axilebot
2023-03-16 20:29:57.592566 Stream @aaxile User: streamelements
2023-03-16 20:33:05.999725 Stream @aaxile User: axilebot
2023-03-16 20:33:32.642665 Stream @aaxile User: streamelements
2023-03-16 20:34:16.836216 Stream @aaxile User: axilebot
2023-03-16 20:35:19.919761 Stream @aaxile User: streamelements
2023-03-16 20:36:23.526041 Stream @aaxile User: axilebot
2023-03-16 20:40:43.824424 Stream @aaxile User: axilebot
2023-03-16 20:45:04.917050 Stream @aaxile User: axilebot
2023-03-16 20:46:05.757280 Stream @aaxile User: axilebot
2023-03-16 20:47:07.855564 Stream @aaxile User: axilebot
2023-03-16 20:48:40.871606 Stream @aaxile User: axilebot
2023-03-16 20:49:07.766910 Stream @aaxile User: axilebot
2023-03-16 20:50:03.106383 Stream @aaxile User: axilebot
2023-03-16 20:50:51.501738 Stream @aaxile User: axilebot
2023-03-16 20:51:08.343652 Stream @aaxile User: axilebot
2023-03-16 20:51:18.359671 Stream @aaxile User: axilebot
2023-03-16 20:52:23.894915 Stream @aaxile User: axilebot
2023-03-16 20:52:44.874037 Stream @aaxile User: axilebot
2023-03-16 20:52:57.846716 Stream @aaxile User: axilebot
2023-03-16 20:54:03.578402 Stream @aaxile User: streamelements
2023-03-16 20:54:43.456733 Stream @aaxile User: axilebot
2023-03-16 20:55:01.895225 Stream @aaxile User: streamelements
2023-03-16 20:55:23.475041 Stream @aaxile User: axilebot
<<<<<<< HEAD
2023-03-16 21:13:47.877771 Stream @aaxile User: axilebot
2023-03-16 21:15:08.066880 Stream @aaxile User: axilebot
2023-03-16 21:15:27.458354 Stream @aaxile User: streamelements
2023-03-16 21:16:04.744653 Stream @aaxile User: axilebot
2023-03-16 21:16:10.769396 Stream @aaxile User: streamelements
2023-03-16 21:18:12.997261 Stream @aaxile User: axilebot
2023-03-16 21:18:22.883538 Stream @aaxile User: streamelements
2023-03-16 21:18:47.082599 Stream @aaxile User: axilebot
2023-03-16 21:25:16.899974 Stream @aaxile User: axilebot
2023-03-16 21:25:51.332355 Stream @aaxile User: streamelements
2023-03-16 21:26:48.140780 Stream @aaxile User: axilebot
2023-03-16 21:27:38.241662 Stream @aaxile User: axilebot
2023-03-16 23:38:02.407376 Stream @aaxile User: axilebot
2023-03-16 23:38:27.782519 Stream @aaxile User: streamelements
2023-03-16 23:39:22.333502 Stream @aaxile User: axilebot
2023-03-16 23:39:47.738299 Stream @aaxile User: axilebot
2023-03-16 23:40:39.170989 Stream @aaxile User: streamelements
2023-03-16 23:41:30.123851 Stream @aaxile User: axilebot
2023-03-16 23:42:09.328664 Stream @aaxile User: streamelements
2023-03-16 23:45:03.804649 Stream @aaxile User: axilebot
2023-03-16 23:45:16.371495 Stream @aaxile User: streamelements
2023-03-16 23:46:11.314115 Stream @aaxile User: axilebot
2023-03-16 23:46:45.176746 Stream @aaxile User: streamelements
2023-03-16 23:49:44.771699 Stream @aaxile User: axilebot
2023-03-16 23:50:00.251731 Stream @aaxile User: axilebot
2023-03-16 23:50:15.405957 Stream @aaxile User: streamelements
=======
>>>>>>> ee3b7e43e20bc57b6aa4f62401228ebd0bfde5ed
>>>>>>> 7f6de6782d52823feda703a086123d846d8eba0a
2023-03-17 00:41:47.061453 Stream @aaxile User: axilebot
2023-03-17 00:42:55.026200 Stream @aaxile User: axilebot
2023-03-17 00:44:04.012855 Stream @aaxile User: axilebot
2023-03-17 00:44:32.639216 Stream @aaxile User: axilebot
2023-03-17 00:45:01.286634 Stream @aaxile User: axilebot
2023-03-17 00:45:21.458440 Stream @aaxile User: axilebot
2023-03-17 01:01:01.052301 Stream @aaxile User: axilebot
2023-03-17 01:01:22.292731 Stream @aaxile User: streamelements
2023-03-17 01:06:01.481339 Stream @aaxile User: axilebot
2023-03-17 01:06:47.265483 Stream @aaxile User: streamelements
2023-03-17 01:08:03.882414 Stream @aaxile User: axilebot
2023-03-17 01:08:12.180927 Stream @aaxile User: streamelements
2023-03-17 01:11:46.720101 Stream @aaxile User: axilebot
2023-03-17 01:12:42.667138 Stream @aaxile User: streamelements
2023-03-17 01:13:46.540514 Stream @aaxile User: axilebot
2023-03-17 01:14:05.933545 Stream @aaxile User: streamelements
2023-03-17 01:14:34.106331 Stream @aaxile User: axilebot
2023-03-17 01:15:40.220879 Stream @aaxile User: streamelements
2023-03-17 01:16:17.973274 Stream @aaxile User: axilebot
2023-03-17 01:16:41.744070 Stream @aaxile User: streamelements
2023-03-17 01:18:22.625606 Stream @aaxile User: axilebot
2023-03-17 01:19:01.067252 Stream @aaxile User: axilebot
2023-03-17 01:19:20.590902 Stream @aaxile User: axilebot
2023-03-17 01:19:46.590208 Stream @aaxile User: axilebot
2023-03-17 01:19:59.238983 Stream @aaxile User: streamelements
2023-03-17 01:20:47.512473 Stream @aaxile User: axilebot
2023-03-17 01:21:38.116404 Stream @aaxile User: streamelements
2023-03-17 01:23:00.351397 Stream @aaxile User: axilebot
2023-03-17 01:23:49.923808 Stream @aaxile User: streamelements
2023-03-17 01:56:41.024245 Stream @aaxile User: axilebot
2023-03-17 02:05:12.813149 Stream @aaxile User: axilebot
2023-03-17 02:09:11.004681 Stream @aaxile User: axilebot
2023-03-17 02:09:29.353013 Stream @aaxile User: axilebot
2023-03-17 02:09:46.827496 Stream @aaxile User: axilebot
2023-03-17 02:09:48.752919 Stream @aaxile User: axilebot
2023-03-17 02:09:48.782909 Stream @aaxile User: axilebot
2023-03-17 02:09:48.796346 Stream @aaxile User: axilebot
2023-03-17 02:09:50.959786 Stream @aaxile User: streamelements
2023-03-17 02:09:56.284378 Stream @aaxile User: streamelements
2023-03-17 02:10:07.255177 Stream @aaxile User: streamelements
2023-03-17 02:10:22.567169 Stream @aaxile User: streamelements
2023-03-17 02:11:32.339615 Stream @aaxile User: axilebot
2023-03-17 02:12:15.773535 Stream @aaxile User: axilebot
2023-03-17 02:13:37.433561 Stream @aaxile User: axilebot
2023-03-17 02:15:38.083529 Stream @aaxile User: axilebot
2023-03-17 02:15:44.091232 Stream @aaxile User: streamelements
2023-03-17 02:17:28.206597 Stream @aaxile User: axilebot
2023-03-17 02:17:33.723942 Stream @aaxile User: streamelements
2023-03-17 02:18:16.034032 Stream @aaxile User: axilebot
2023-03-17 02:24:53.360488 Stream @aaxile User: axilebot
2023-03-17 02:26:31.060266 Stream @aaxile User: axilebot
2023-03-17 02:27:13.422682 Stream @aaxile User: axilebot
2023-03-17 02:28:08.126919 Stream @aaxile User: axilebot
2023-03-17 02:28:16.048834 Stream @aaxile User: streamelements
2023-03-17 02:30:29.840150 Stream @aaxile User: axilebot
2023-03-17 02:31:40.112543 Stream @aaxile User: axilebot
2023-03-17 02:32:04.517345 Stream @aaxile User: axilebot
2023-03-17 02:32:18.333201 Stream @aaxile User: axilebot
2023-03-17 02:36:56.301118 Stream @aaxile User: axilebot
2023-03-17 02:37:17.927425 Stream @aaxile User: axilebot
2023-03-17 02:37:45.268622 Stream @aaxile User: axilebot
2023-03-17 02:38:10.269227 Stream @aaxile User: axilebot
2023-03-17 02:38:32.151930 Stream @aaxile User: axilebot
